<?xml version="1.0" encoding="UTF-8"?>
<testng-results ignored="0" total="1" passed="1" failed="0" skipped="0">
  <reporter-output>
  </reporter-output>
  <suite started-at="2023-08-30T00:28:28 IST" name="Default suite" finished-at="2023-08-30T00:28:36 IST" duration-ms="8170">
    <groups>
    </groups>
    <test started-at="2023-08-30T00:28:28 IST" name="Default test" finished-at="2023-08-30T00:28:36 IST" duration-ms="8170">
      <class name="com.lambdatest.TestNGTodo1">
        <test-method is-config="true" signature="setup(java.lang.reflect.Method,org.testng.ITestContext)[pri:0, instance:com.lambdatest.TestNGTodo1@72e5a8e]" started-at="2023-08-30T00:28:28 IST" name="setup" finished-at="2023-08-30T00:28:33 IST" duration-ms="5022" status="PASS">
          <params>
            <param index="0">
              <value>
                <![CDATA[public void com.lambdatest.TestNGTodo1.basicTest() throws java.lang.InterruptedException]]>
              </value>
            </param>
            <param index="1">
              <value>
                <![CDATA[org.testng.TestRunner@1d0a61c8]]>
              </value>
            </param>
          </params>
          <reporter-output>
          </reporter-output>
        </test-method> <!-- setup -->
        <test-method signature="basicTest()[pri:0, instance:com.lambdatest.TestNGTodo1@72e5a8e]" started-at="2023-08-30T00:28:33 IST" name="basicTest" finished-at="2023-08-30T00:28:35 IST" duration-ms="2829" status="PASS">
          <reporter-output>
          </reporter-output>
        </test-method> <!-- basicTest -->
        <test-method is-config="true" signature="tearDown()[pri:0, instance:com.lambdatest.TestNGTodo1@72e5a8e]" started-at="2023-08-30T00:28:35 IST" name="tearDown" finished-at="2023-08-30T00:28:36 IST" duration-ms="263" status="PASS">
          <reporter-output>
          </reporter-output>
        </test-method> <!-- tearDown -->
      </class> <!-- com.lambdatest.TestNGTodo1 -->
    </test> <!-- Default test -->
  </suite> <!-- Default suite -->
</testng-results>
